<?xml version="1.0" encoding="UTF-8"?>
<!-- Generated by org.testng.reporters.JUnitReportReporter -->
<testsuite skipped="0" hostname="DESKTOP-7GT5PGS" name="testNgPackage.TC_001" tests="1" failures="0" timestamp="04 Jan 2019 11:00:00 GMT" time="0.188" errors="0">
  <testcase name="test" time="0.188" classname="testNgPackage.TC_001"/>
</testsuite> <!-- testNgPackage.TC_001 -->
