<?xml version="1.0" encoding="UTF-8"?>
<!-- Generated by org.testng.reporters.JUnitReportReporter -->
<testsuite skipped="0" hostname="DESKTOP-7GT5PGS" name="testNgPackage.TC_001" tests="1" failures="0" timestamp="07 Jan 2019 08:04:44 GMT" time="0.013" errors="0">
  <testcase name="test" time="0.013" classname="testNgPackage.TC_001"/>
</testsuite> <!-- testNgPackage.TC_001 -->
