<?xml version="1.0" encoding="UTF-8"?>
<!-- Generated by org.testng.reporters.JUnitReportReporter -->
<testsuite skipped="0" hostname="DESKTOP-7GT5PGS" name="testNgPackage.TC_003" tests="1" failures="0" timestamp="04 Jan 2019 07:49:04 GMT" time="0.005" errors="0">
  <testcase name="f" time="0.005" classname="testNgPackage.TC_003"/>
</testsuite> <!-- testNgPackage.TC_003 -->
